[2026-05-16T19:58:12] Starting background analysis for ASTS


========================================================================
Optimize Log - ASTS
COMMAND: C:\Users\Lenovo\AppData\Local\Programs\Python\Python313\python.exe -u C:\Users\Lenovo\Desktop\Wealth Engine\wealth_engine.py ASTS --mode optimize --start-date 2025-04-01 --end-date 2026-05-11 --investment-amount 100.0 --timeframes 4h --trials 3000 --jobs 8 --min-trades 12 --adjust splits --output C:\Users\Lenovo\Desktop\Wealth Engine\results
========================================================================

Optimize mode for ASTS
Timeframes: ['4h']
Analysis period: 2025-04-01 -> 2026-05-11
Investment amount: $100.00

Loading data for ASTS...
  Note: loading 1day as HTF helper only (not optimized unless explicitly selected).
  Loading 4h data from Twelve Data...
    Resolved request range: 2025-04-01 00:00:00 -> 2026-05-11 23:59:59
    4h: 555 bars  2025-04-01 09:30:00 -> 2026-05-11 13:30:00
  Loading 1day data from Twelve Data...
    Resolved request range: 2025-04-01 00:00:00 -> 2026-05-11 23:59:59
    1day: 279 bars  2025-04-01 00:00:00 -> 2026-05-11 00:00:00

  Starting Optimization (3000 trials, jobs=8)
  Timeframes: ['4h']
  Objective : profit% x win_rate x log(winning_trades) x log(total_trades)
  ----------------------------------------------------------------------
  [   1] New best! Score=-1000.4 | TF=4h | Profit=-0.4% | WR=10% | Wins=1/10 | DD=7.6%
  [   2] New best! Score=-991.0 | TF=4h | Profit=+12.2% | WR=33% | Wins=3/9 | DD=7.9%
  [   3] New best! Score=-989.0 | TF=4h | Profit=+2.6% | WR=46% | Wins=5/11 | DD=7.5%
  [   7] New best! Score=+39.8 | TF=4h | Profit=+8.2% | WR=69% | Wins=11/16 | DD=8.7%
  [  10] New best! Score=+75.9 | TF=4h | Profit=+15.1% | WR=67% | Wins=12/18 | DD=4.8%
  [  70] New best! Score=+93.9 | TF=4h | Profit=+22.1% | WR=62% | Wins=10/16 | DD=5.5%
  [  79] New best! Score=+118.4 | TF=4h | Profit=+25.5% | WR=71% | Wins=10/14 | DD=3.7%
  [  82] New best! Score=+125.5 | TF=4h | Profit=+24.9% | WR=73% | Wins=11/15 | DD=5.5%
  [  83] New best! Score=+126.0 | TF=4h | Profit=+24.9% | WR=73% | Wins=11/15 | DD=5.5%
  [  88] New best! Score=+132.6 | TF=4h | Profit=+27.4% | WR=69% | Wins=11/16 | DD=5.0%
  [  90] New best! Score=+138.8 | TF=4h | Profit=+26.2% | WR=79% | Wins=11/14 | DD=5.0%
  [ 100] Searching... best=+138.8
  [ 135] New best! Score=+158.8 | TF=4h | Profit=+31.4% | WR=73% | Wins=11/15 | DD=4.7%
  [ 200] Searching... best=+158.8
  [ 222] New best! Score=+176.8 | TF=4h | Profit=+31.9% | WR=85% | Wins=11/13 | DD=3.3%
  [ 263] New best! Score=+189.0 | TF=4h | Profit=+31.7% | WR=86% | Wins=12/14 | DD=5.1%
  [ 300] Searching... best=+189.0
  [ 315] New best! Score=+201.0 | TF=4h | Profit=+33.8% | WR=86% | Wins=12/14 | DD=3.5%
  [ 400] Searching... best=+201.0
  [ 500] Searching... best=+201.0
  [ 600] Searching... best=+201.0
  [ 625] New best! Score=+215.0 | TF=4h | Profit=+31.6% | WR=83% | Wins=15/18 | DD=3.0%
  [ 700] Searching... best=+215.0
  [ 767] New best! Score=+217.4 | TF=4h | Profit=+32.0% | WR=83% | Wins=15/18 | DD=2.8%
  [ 800] Searching... best=+217.4
  [ 900] Searching... best=+217.4
  [1000] Searching... best=+217.4
  [1100] Searching... best=+217.4
  [1200] Searching... best=+217.4
  [1300] Searching... best=+217.4
  [1400] Searching... best=+217.4
  [1500] Searching... best=+217.4
  [1600] Searching... best=+217.4
  [1700] Searching... best=+217.4
  [1800] Searching... best=+217.4
  [1887] New best! Score=+231.3 | TF=4h | Profit=+34.5% | WR=88% | Wins=14/16 | DD=2.2%
  [1900] Searching... best=+231.3
  [2000] Searching... best=+231.3
  [2100] Searching... best=+231.3
  [2200] Searching... best=+231.3
  [2300] Searching... best=+231.3
  [2400] Searching... best=+231.3
  [2500] Searching... best=+231.3
  [2540] New best! Score=+231.4 | TF=4h | Profit=+34.5% | WR=88% | Wins=14/16 | DD=2.2%
  [2600] Searching... best=+231.4
  [2700] Searching... best=+231.4
  [2783] New best! Score=+233.0 | TF=4h | Profit=+32.9% | WR=88% | Wins=15/17 | DD=3.6%
  [2800] Searching... best=+233.0
  [2815] New best! Score=+233.5 | TF=4h | Profit=+33.0% | WR=88% | Wins=15/17 | DD=3.6%
  [2900] Searching... best=+233.5
  [3000] Searching... best=+233.5

================================================================
  Best Result for ASTS
================================================================

  Best timeframe   : 4h
  Final Capital    : 399.64 from investment 100.00
  Compound Profit  : +299.64%
  Compound P/L $   : +299.64
  Winning Trades   : 15 / 17
  Win Rate         : 88.2%
  Max Drawdown     : 3.63%
  Profit Factor    : 10.12
  Sharpe           : 4.25
  Strategy P/L     : +33.02% using strategy sizing
  Expectancy       : +194.21 per trade
  ATR Mode         : wilder
  RSI Flat Mode    : neutral_50
  Open trade now   : NO

  Best parameters:
    atr_len                      = 7
    be_r                         = 1.0
    breakout_lookback            = 25
    chand_mult                   = 4.0
    commission_pct               = 0.1
    cooldown_bars                = 6
    ema_mid_len                  = 34
    ema_pull_len                 = 17
    ema_slow_len                 = 220
    entry_mode                   = Pullback Only
    htf_ema_len                  = 108
    initial_capital              = 10000.0
    max_bars_in_trade            = 8
    max_stretch_atr              = 1.5
    partial_tp_pct               = 53
    partial_tp_r                 = 2.0
    position_pct                 = 20.0
    pullback_window              = 9
    rsi_len                      = 14
    rsi_max                      = 75
    rsi_min                      = 45
    sl_mult                      = 1.5
    timeframe                    = 4h
    tp_mult                      = 2.0
    use_be                       = False
    use_chand                    = False
    use_htf                      = False
    use_partial_tp               = True
    use_rsi                      = False
    use_stretch_filter           = False
    use_time_stop                = True

Saved files:
  Excel : C:\Users\Lenovo\Desktop\Wealth Engine\results\ASTS_best_strategy_20260516_200832.xlsx
  JSON  : C:\Users\Lenovo\Desktop\Wealth Engine\results\ASTS_best_strategy_20260516_200832.json

[2026-05-16T20:08:33] EXIT CODE: 0


========================================================================
Signal Log - ASTS
COMMAND: C:\Users\Lenovo\AppData\Local\Programs\Python\Python313\python.exe -u C:\Users\Lenovo\Desktop\Wealth Engine\wealth_engine.py ASTS --mode signal --start-date 2025-04-01 --end-date 2026-05-11 --investment-amount 100.0 --adjust splits --output C:\Users\Lenovo\Desktop\Wealth Engine\results --params-file C:\Users\Lenovo\Desktop\Wealth Engine\results\ASTS_best_strategy_20260516_200832.json
========================================================================

Signal mode for ASTS
Params file : C:\Users\Lenovo\Desktop\Wealth Engine\results\ASTS_best_strategy_20260516_200832.json
Timeframe   : 4h
Optimization: SKIPPED
  Note: loading 1day as HTF helper only (not optimized unless explicitly selected).
  Loading 4h data from Twelve Data...
    Resolved request range: 2025-04-01 00:00:00 -> 2026-05-11 23:59:59
    4h: 555 bars  2025-04-01 09:30:00 -> 2026-05-11 13:30:00
  Loading 1day data from Twelve Data...
    Resolved request range: 2025-04-01 00:00:00 -> 2026-05-11 23:59:59
    1day: 279 bars  2025-04-01 00:00:00 -> 2026-05-11 00:00:00

Signal result
  Status           : CLOSED
  Action           : WAIT_AFTER_EXIT
  Reason           : آخر صفقة مغلقة. لا توجد صفقة مفتوحة حاليًا حسب نفس الإعدادات.
  Compound Final $ : 399.64
  Compound Profit  : +299.64%
  Strategy P/L     : +33.02%
  Trades           : 15 / 17 wins

Recent events:
  - CLOSED | entry 2026-04-01 13:30:00 -> exit 2026-04-06 09:30:00 | TP | return 11.984383169298528%
  - CLOSED | entry 2026-04-10 09:30:00 -> exit 2026-04-14 09:30:00 | TP | return 11.395482992878847%
  Last Entry       : 2026-04-10 09:30:00 @ 92.85
  Last Exit        : 2026-04-14 09:30:00 @ 103.43070595888801
  Exit Reason      : TP

Saved files:
  Excel : C:\Users\Lenovo\Desktop\Wealth Engine\results\ASTS_signal_20260516_200838.xlsx
  JSON  : C:\Users\Lenovo\Desktop\Wealth Engine\results\ASTS_signal_20260516_200838.json

[2026-05-16T20:08:38] EXIT CODE: 0
